Using pre-set license
Built from '2022.3/staging' branch; Version is '2022.3.10f1 (ff3792e53c62) revision 16725906'; Using compiler version '192829333'; Build Type 'Release'
OS: 'Windows 10  (10.0.19045) 64bit Professional' Language: 'ru' Physical Memory: 16334 MB
BatchMode: 1, IsHumanControllingUs: 0, StartBugReporterOnCrash: 0, Is64bit: 1, IsPro: 1

COMMAND LINE ARGUMENTS:
D:\Create\2022.3.10f1\Editor\Unity.exe
-adb2
-batchMode
-noUpm
-name
AssetImportWorker0
-projectPath
C:/Users/Dom/Documents/3DGame
-logFile
Logs/AssetImportWorker0.log
-srvPort
60234
Successfully changed project path to: C:/Users/Dom/Documents/3DGame
C:/Users/Dom/Documents/3DGame
[UnityMemory] Configuration Parameters - Can be set up in boot.config
    "memorysetup-bucket-allocator-granularity=16"
    "memorysetup-bucket-allocator-bucket-count=8"
    "memorysetup-bucket-allocator-block-size=33554432"
    "memorysetup-bucket-allocator-block-count=8"
    "memorysetup-main-allocator-block-size=16777216"
    "memorysetup-thread-allocator-block-size=16777216"
    "memorysetup-gfx-main-allocator-block-size=16777216"
    "memorysetup-gfx-thread-allocator-block-size=16777216"
    "memorysetup-cache-allocator-block-size=4194304"
    "memorysetup-typetree-allocator-block-size=2097152"
    "memorysetup-profiler-bucket-allocator-granularity=16"
    "memorysetup-profiler-bucket-allocator-bucket-count=8"
    "memorysetup-profiler-bucket-allocator-block-size=33554432"
    "memorysetup-profiler-bucket-allocator-block-count=8"
    "memorysetup-profiler-allocator-block-size=16777216"
    "memorysetup-profiler-editor-allocator-block-size=1048576"
    "memorysetup-temp-allocator-size-main=16777216"
    "memorysetup-job-temp-allocator-block-size=2097152"
    "memorysetup-job-temp-allocator-block-size-background=1048576"
    "memorysetup-job-temp-allocator-reduction-small-platforms=262144"
    "memorysetup-allocator-temp-initial-block-size-main=262144"
    "memorysetup-allocator-temp-initial-block-size-worker=262144"
    "memorysetup-temp-allocator-size-background-worker=32768"
    "memorysetup-temp-allocator-size-job-worker=262144"
    "memorysetup-temp-allocator-size-preload-manager=33554432"
    "memorysetup-temp-allocator-size-nav-mesh-worker=65536"
    "memorysetup-temp-allocator-size-audio-worker=65536"
    "memorysetup-temp-allocator-size-cloud-worker=32768"
    "memorysetup-temp-allocator-size-gi-baking-worker=262144"
    "memorysetup-temp-allocator-size-gfx=262144"
Player connection [23424] Host "[IP] 192.168.213.170 [Port] 0 [Flags] 2 [Guid] 89072653 [EditorId] 89072653 [Version] 1048832 [Id] WindowsEditor(7,DESKTOP-L23MLPD) [Debug] 1 [PackageName] WindowsEditor [ProjectName] Editor" joined multi-casting on [225.0.0.222:54997]...

Player connection [23424] Host "[IP] 192.168.213.170 [Port] 0 [Flags] 2 [Guid] 89072653 [EditorId] 89072653 [Version] 1048832 [Id] WindowsEditor(7,DESKTOP-L23MLPD) [Debug] 1 [PackageName] WindowsEditor [ProjectName] Editor" joined alternative multi-casting on [225.0.0.222:34997]...

[Physics::Module] Initialized MultithreadedJobDispatcher with 11 workers.
Refreshing native plugins compatible for Editor in 15.38 ms, found 3 plugins.
Preloading 0 native plugins for Editor in 0.00 ms.
Initialize engine version: 2022.3.10f1 (ff3792e53c62)
[Subsystems] Discovering subsystems at path D:/Create/2022.3.10f1/Editor/Data/Resources/UnitySubsystems
[Subsystems] Discovering subsystems at path C:/Users/Dom/Documents/3DGame/Assets
GfxDevice: creating device client; threaded=0; jobified=0
Direct3D:
    Version:  Direct3D 11.0 [level 11.1]
    Renderer: Radeon RX 570 Series (ID=0x67df)
    Vendor:   ATI
    VRAM:     4074 MB
    Driver:   31.0.12027.9001
Shader Hidden/ProbeVolume/VoxelizeScene is not supported: GPU does not support conservative rasterization
Initialize mono
Mono path[0] = 'D:/Create/2022.3.10f1/Editor/Data/Managed'
Mono path[1] = 'D:/Create/2022.3.10f1/Editor/Data/MonoBleedingEdge/lib/mono/unityjit-win32'
Mono config path = 'D:/Create/2022.3.10f1/Editor/Data/MonoBleedingEdge/etc'
Using monoOptions --debugger-agent=transport=dt_socket,embedding=1,server=y,suspend=n,address=127.0.0.1:56820
Begin MonoManager ReloadAssembly
Registering precompiled unity dll's ...
Register platform support module: D:/Create/2022.3.10f1/Editor/Data/PlaybackEngines/WindowsStandaloneSupport/UnityEditor.WindowsStandalone.Extensions.dll
Registered in 0.006024 seconds.
- Loaded All Assemblies, in  0.537 seconds
Native extension for WindowsStandalone target not found
Mono: successfully reloaded assembly
- Finished resetting the current domain, in  0.379 seconds
Domain Reload Profiling: 916ms
	BeginReloadAssembly (180ms)
		ExecutionOrderSort (0ms)
		DisableScriptedObjects (0ms)
		BackupInstance (0ms)
		ReleaseScriptingObjects (0ms)
		CreateAndSetChildDomain (1ms)
	RebuildCommonClasses (50ms)
	RebuildNativeTypeToScriptingClass (14ms)
	initialDomainReloadingComplete (76ms)
	LoadAllAssembliesAndSetupDomain (215ms)
		LoadAssemblies (180ms)
		RebuildTransferFunctionScriptingTraits (0ms)
		AnalyzeDomain (212ms)
			TypeCache.Refresh (209ms)
				TypeCache.ScanAssembly (182ms)
			ScanForSourceGeneratedMonoScriptInfo (1ms)
			ResolveRequiredComponents (1ms)
	FinalizeReload (380ms)
		ReleaseScriptCaches (0ms)
		RebuildScriptCaches (0ms)
		SetupLoadedEditorAssemblies (286ms)
			LogAssemblyErrors (0ms)
			InitializePlatformSupportModulesInManaged (12ms)
			SetLoadedEditorAssemblies (11ms)
			RefreshPlugins (0ms)
			BeforeProcessingInitializeOnLoad (4ms)
			ProcessInitializeOnLoadAttributes (192ms)
			ProcessInitializeOnLoadMethodAttributes (68ms)
			AfterProcessingInitializeOnLoad (0ms)
			EditorAssembliesLoaded (0ms)
		ExecutionOrderSort2 (0ms)
		AwakeInstancesAfterBackupRestoration (0ms)
========================================================================
Worker process is ready to serve import requests
Begin MonoManager ReloadAssembly
- Loaded All Assemblies, in  1.224 seconds
Refreshing native plugins compatible for Editor in 8.54 ms, found 3 plugins.
Native extension for WindowsStandalone target not found
Package Manager log level set to [2]
[Package Manager] Server::EnsureServerProcessIsRunning -- launch failed, reason: Unity was launched with the -noUpm command-line argument
[Package Manager] UpmClient::Send -- Unable to send message (not connected to UPM process).
[Package Manager] Cannot connect to Unity Package Manager local server
Mono: successfully reloaded assembly
- Finished resetting the current domain, in  1.094 seconds
Domain Reload Profiling: 2315ms
	BeginReloadAssembly (257ms)
		ExecutionOrderSort (0ms)
		DisableScriptedObjects (8ms)
		BackupInstance (0ms)
		ReleaseScriptingObjects (0ms)
		CreateAndSetChildDomain (29ms)
	RebuildCommonClasses (51ms)
	RebuildNativeTypeToScriptingClass (17ms)
	initialDomainReloadingComplete (60ms)
	LoadAllAssembliesAndSetupDomain (835ms)
		LoadAssemblies (526ms)
		RebuildTransferFunctionScriptingTraits (0ms)
		AnalyzeDomain (481ms)
			TypeCache.Refresh (401ms)
				TypeCache.ScanAssembly (374ms)
			ScanForSourceGeneratedMonoScriptInfo (53ms)
			ResolveRequiredComponents (24ms)
	FinalizeReload (1094ms)
		ReleaseScriptCaches (0ms)
		RebuildScriptCaches (0ms)
		SetupLoadedEditorAssemblies (803ms)
			LogAssemblyErrors (0ms)
			InitializePlatformSupportModulesInManaged (7ms)
			SetLoadedEditorAssemblies (6ms)
			RefreshPlugins (0ms)
			BeforeProcessingInitializeOnLoad (132ms)
			ProcessInitializeOnLoadAttributes (556ms)
			ProcessInitializeOnLoadMethodAttributes (98ms)
			AfterProcessingInitializeOnLoad (4ms)
			EditorAssembliesLoaded (0ms)
		ExecutionOrderSort2 (0ms)
		AwakeInstancesAfterBackupRestoration (8ms)
Shader Hidden/ProbeVolume/VoxelizeScene is not supported: GPU does not support conservative rasterization
Launched and connected shader compiler UnityShaderCompiler.exe after 0.07 seconds
Refreshing native plugins compatible for Editor in 7.41 ms, found 3 plugins.
Preloading 0 native plugins for Editor in 0.00 ms.
Unloading 5659 Unused Serialized files (Serialized files now loaded: 0)
Unloading 92 unused Assets / (0.8 MB). Loaded Objects now: 6123.
Memory consumption went from 204.1 MB to 203.3 MB.
Total: 5.986900 ms (FindLiveObjects: 0.613100 ms CreateObjectMapping: 0.233700 ms MarkObjects: 4.460400 ms  DeleteObjects: 0.677900 ms)

AssetImportParameters requested are different than current active one (requested -> active):
  custom:container-demuxer-ogg: 62fdf1f143b41e24485cea50d1cbac27 -> 
  custom:video-decoder-ogg-theora: a1e56fd34408186e4bbccfd4996cb3dc -> 
  custom:framework-win-MediaFoundation: 216162199b28c13a410421893ffa2e32 -> 
  custom:CustomObjectIndexerAttribute: a3ef5dd2817f97addfee359851a9dba5 -> 
  custom:container-demuxer-webm: 4f35f7cbe854078d1ac9338744f61a02 -> 
  custom:container-muxer-webm: aa71ff27fc2769a1b78a27578f13a17b -> 
  custom:video-decoder-webm-vp8: 9c59270c3fd7afecdb556c50c9e8de78 -> 
  custom:SearchIndexIgnoredProperties: e643bd26f0fe6173181afceb89e7c659 -> 
  custom:AudioImporter_EditorPlatform: d09bf68614088b80899f8185d706f6e7 -> 
  custom:video-encoder-webm-vp8: eb34c28f22e8b96e1ab97ce403110664 -> 
  custom:audio-decoder-ogg-vorbis: bf7c407c2cedff20999df2af8eb42d56 -> 
  custom:audio-encoder-webm-vorbis: bf7c407c2cedff20999df2af8eb42d56 -> 
========================================================================
Received Import Request.
  Time since last request: 33072.935491 seconds.
  path: Assets/Scenes/SceneGame.unity
  artifactKey: Guid(c33ccbc3ff1efad4c83cc7c9d87ce39b) Importer(815301076,1909f56bfc062723c751e8b465ee728b)
Start importing Assets/Scenes/SceneGame.unity using Guid(c33ccbc3ff1efad4c83cc7c9d87ce39b) Importer(815301076,1909f56bfc062723c751e8b465ee728b)  -> (artifact id: '9e5a0a24f3103a83b40b08742a0e63a1') in 0.002498 seconds
Number of updated asset objects reloaded before import = 0
Number of asset objects unloaded after import = 0
========================================================================
Received Prepare
Begin MonoManager ReloadAssembly
- Loaded All Assemblies, in  0.973 seconds
Refreshing native plugins compatible for Editor in 7.27 ms, found 3 plugins.
Native extension for WindowsStandalone target not found
[Package Manager] Server::EnsureServerProcessIsRunning -- launch failed, reason: Unity was launched with the -noUpm command-line argument
[Package Manager] UpmClient::Send -- Unable to send message (not connected to UPM process).
[Package Manager] Cannot connect to Unity Package Manager local server
Mono: successfully reloaded assembly
- Finished resetting the current domain, in  2.020 seconds
Domain Reload Profiling: 2988ms
	BeginReloadAssembly (372ms)
		ExecutionOrderSort (0ms)
		DisableScriptedObjects (10ms)
		BackupInstance (0ms)
		ReleaseScriptingObjects (0ms)
		CreateAndSetChildDomain (80ms)
	RebuildCommonClasses (57ms)
	RebuildNativeTypeToScriptingClass (21ms)
	initialDomainReloadingComplete (42ms)
	LoadAllAssembliesAndSetupDomain (475ms)
		LoadAssemblies (615ms)
		RebuildTransferFunctionScriptingTraits (0ms)
		AnalyzeDomain (65ms)
			TypeCache.Refresh (14ms)
				TypeCache.ScanAssembly (2ms)
			ScanForSourceGeneratedMonoScriptInfo (31ms)
			ResolveRequiredComponents (17ms)
	FinalizeReload (2021ms)
		ReleaseScriptCaches (0ms)
		RebuildScriptCaches (0ms)
		SetupLoadedEditorAssemblies (748ms)
			LogAssemblyErrors (0ms)
			InitializePlatformSupportModulesInManaged (8ms)
			SetLoadedEditorAssemblies (7ms)
			RefreshPlugins (0ms)
			BeforeProcessingInitializeOnLoad (127ms)
			ProcessInitializeOnLoadAttributes (516ms)
			ProcessInitializeOnLoadMethodAttributes (86ms)
			AfterProcessingInitializeOnLoad (4ms)
			EditorAssembliesLoaded (0ms)
		ExecutionOrderSort2 (0ms)
		AwakeInstancesAfterBackupRestoration (8ms)
Shader Hidden/ProbeVolume/VoxelizeScene is not supported: GPU does not support conservative rasterization
Refreshing native plugins compatible for Editor in 6.64 ms, found 3 plugins.
Preloading 0 native plugins for Editor in 0.00 ms.
Unloading 5581 Unused Serialized files (Serialized files now loaded: 0)
Unloading 54 unused Assets / (2.2 MB). Loaded Objects now: 6153.
Memory consumption went from 184.7 MB to 182.5 MB.
Total: 6.138600 ms (FindLiveObjects: 0.585900 ms CreateObjectMapping: 0.189700 ms MarkObjects: 3.978100 ms  DeleteObjects: 1.383300 ms)

Prepare: number of updated asset objects reloaded= 0
AssetImportParameters requested are different than current active one (requested -> active):
  custom:container-demuxer-ogg: 62fdf1f143b41e24485cea50d1cbac27 -> 
  custom:video-decoder-ogg-theora: a1e56fd34408186e4bbccfd4996cb3dc -> 
  custom:framework-win-MediaFoundation: 216162199b28c13a410421893ffa2e32 -> 
  custom:CustomObjectIndexerAttribute: a3ef5dd2817f97addfee359851a9dba5 -> 
  custom:container-demuxer-webm: 4f35f7cbe854078d1ac9338744f61a02 -> 
  custom:container-muxer-webm: aa71ff27fc2769a1b78a27578f13a17b -> 
  custom:video-decoder-webm-vp8: 9c59270c3fd7afecdb556c50c9e8de78 -> 
  custom:SearchIndexIgnoredProperties: e643bd26f0fe6173181afceb89e7c659 -> 
  custom:AudioImporter_EditorPlatform: d09bf68614088b80899f8185d706f6e7 -> 
  custom:video-encoder-webm-vp8: eb34c28f22e8b96e1ab97ce403110664 -> 
  custom:audio-decoder-ogg-vorbis: bf7c407c2cedff20999df2af8eb42d56 -> 
  custom:audio-encoder-webm-vorbis: bf7c407c2cedff20999df2af8eb42d56 -> 
========================================================================
Received Import Request.
  Time since last request: 685.809003 seconds.
  path: Assets/ZRNAssets
  artifactKey: Guid(58cdc00c2721cf5408aa3f931af0e05d) Importer(815301076,1909f56bfc062723c751e8b465ee728b)
Start importing Assets/ZRNAssets using Guid(58cdc00c2721cf5408aa3f931af0e05d) Importer(815301076,1909f56bfc062723c751e8b465ee728b)  -> (artifact id: '3af22ac3145f53bab7e971afe4f962dc') in 0.002065 seconds
Number of updated asset objects reloaded before import = 0
Number of asset objects unloaded after import = 0
========================================================================
Received Import Request.
  Time since last request: 8.132441 seconds.
  path: Assets/ZRNAssets/005339_08932_25_14
  artifactKey: Guid(e97ebda2e23854440997df7cd31c7e5d) Importer(815301076,1909f56bfc062723c751e8b465ee728b)
Start importing Assets/ZRNAssets/005339_08932_25_14 using Guid(e97ebda2e23854440997df7cd31c7e5d) Importer(815301076,1909f56bfc062723c751e8b465ee728b)  -> (artifact id: '861de276a93c0a4b42c7cc96bb352387') in 0.000675 seconds
Number of updated asset objects reloaded before import = 0
Number of asset objects unloaded after import = 0
========================================================================
Received Import Request.
  Time since last request: 1.030254 seconds.
  path: Assets/ZRNAssets/005339_08932_25_14/Scripts
  artifactKey: Guid(934de529b55224e668a32713147cd1fd) Importer(815301076,1909f56bfc062723c751e8b465ee728b)
Start importing Assets/ZRNAssets/005339_08932_25_14/Scripts using Guid(934de529b55224e668a32713147cd1fd) Importer(815301076,1909f56bfc062723c751e8b465ee728b)  -> (artifact id: 'a881abce80d3af46df531916030cf15e') in 0.000584 seconds
Number of updated asset objects reloaded before import = 0
Number of asset objects unloaded after import = 0
========================================================================
Received Import Request.
  Time since last request: 0.400958 seconds.
  path: Assets/ZRNAssets/005339_08932_25_14/Shaders
  artifactKey: Guid(bbc56b9a4587f43708e89ae1aff4b0fa) Importer(815301076,1909f56bfc062723c751e8b465ee728b)
Start importing Assets/ZRNAssets/005339_08932_25_14/Shaders using Guid(bbc56b9a4587f43708e89ae1aff4b0fa) Importer(815301076,1909f56bfc062723c751e8b465ee728b)  -> (artifact id: 'cbeabd778f7ea9c3218be2f4de4a7076') in 0.000597 seconds
Number of updated asset objects reloaded before import = 0
Number of asset objects unloaded after import = 0
========================================================================
Received Import Request.
  Time since last request: 6.622646 seconds.
  path: Assets/ZRNAssets/005339_08932_25_14/Documents
  artifactKey: Guid(c21b917685bd3427d94b84381fbbf9ef) Importer(815301076,1909f56bfc062723c751e8b465ee728b)
Start importing Assets/ZRNAssets/005339_08932_25_14/Documents using Guid(c21b917685bd3427d94b84381fbbf9ef) Importer(815301076,1909f56bfc062723c751e8b465ee728b)  -> (artifact id: 'c484a6a35c4c4bf17c924cf81acbe18c') in 0.000648 seconds
Number of updated asset objects reloaded before import = 0
Number of asset objects unloaded after import = 0
========================================================================
Received Import Request.
  Time since last request: 1.168121 seconds.
  path: Assets/ZRNAssets/005339_08932_25_14/Models
  artifactKey: Guid(2bc09a3309fd7484a82c0269d128dfa6) Importer(815301076,1909f56bfc062723c751e8b465ee728b)
Start importing Assets/ZRNAssets/005339_08932_25_14/Models using Guid(2bc09a3309fd7484a82c0269d128dfa6) Importer(815301076,1909f56bfc062723c751e8b465ee728b)  -> (artifact id: 'af7644749c7b1753a588d05cf0f5be59') in 0.000697 seconds
Number of updated asset objects reloaded before import = 0
Number of asset objects unloaded after import = 0
========================================================================
Received Import Request.
  Time since last request: 0.303062 seconds.
  path: Assets/ZRNAssets/005339_08932_25_14/Scenes
  artifactKey: Guid(5badda7fa95674431b551a118eff3c82) Importer(815301076,1909f56bfc062723c751e8b465ee728b)
Start importing Assets/ZRNAssets/005339_08932_25_14/Scenes using Guid(5badda7fa95674431b551a118eff3c82) Importer(815301076,1909f56bfc062723c751e8b465ee728b)  -> (artifact id: '1699a07a178aa07bcfc2cf2c5798be55') in 0.000588 seconds
Number of updated asset objects reloaded before import = 0
Number of asset objects unloaded after import = 0
========================================================================
Received Import Request.
  Time since last request: 0.678810 seconds.
  path: Assets/ZRNAssets/005339_08932_25_14/Scenes/Sample_005339_08932_25_14.unity
  artifactKey: Guid(783686484a6b647158a3961cbd5e6f63) Importer(815301076,1909f56bfc062723c751e8b465ee728b)
Start importing Assets/ZRNAssets/005339_08932_25_14/Scenes/Sample_005339_08932_25_14.unity using Guid(783686484a6b647158a3961cbd5e6f63) Importer(815301076,1909f56bfc062723c751e8b465ee728b)  -> (artifact id: '1e73c487c0dffda45afd41b7f15483bc') in 0.000679 seconds
Number of updated asset objects reloaded before import = 0
Number of asset objects unloaded after import = 0
========================================================================
Received Prepare
Begin MonoManager ReloadAssembly
- Loaded All Assemblies, in  0.649 seconds
Refreshing native plugins compatible for Editor in 6.53 ms, found 3 plugins.
Native extension for WindowsStandalone target not found
[Package Manager] Server::EnsureServerProcessIsRunning -- launch failed, reason: Unity was launched with the -noUpm command-line argument
[Package Manager] UpmClient::Send -- Unable to send message (not connected to UPM process).
[Package Manager] Cannot connect to Unity Package Manager local server
Mono: successfully reloaded assembly
- Finished resetting the current domain, in  1.840 seconds
Domain Reload Profiling: 2485ms
	BeginReloadAssembly (225ms)
		ExecutionOrderSort (0ms)
		DisableScriptedObjects (6ms)
		BackupInstance (0ms)
		ReleaseScriptingObjects (0ms)
		CreateAndSetChildDomain (47ms)
	RebuildCommonClasses (42ms)
	RebuildNativeTypeToScriptingClass (15ms)
	initialDomainReloadingComplete (36ms)
	LoadAllAssembliesAndSetupDomain (326ms)
		LoadAssemblies (428ms)
		RebuildTransferFunctionScriptingTraits (0ms)
		AnalyzeDomain (30ms)
			TypeCache.Refresh (7ms)
				TypeCache.ScanAssembly (0ms)
			ScanForSourceGeneratedMonoScriptInfo (0ms)
			ResolveRequiredComponents (21ms)
	FinalizeReload (1841ms)
		ReleaseScriptCaches (0ms)
		RebuildScriptCaches (0ms)
		SetupLoadedEditorAssemblies (801ms)
			LogAssemblyErrors (0ms)
			InitializePlatformSupportModulesInManaged (6ms)
			SetLoadedEditorAssemblies (7ms)
			RefreshPlugins (0ms)
			BeforeProcessingInitializeOnLoad (129ms)
			ProcessInitializeOnLoadAttributes (562ms)
			ProcessInitializeOnLoadMethodAttributes (91ms)
			AfterProcessingInitializeOnLoad (4ms)
			EditorAssembliesLoaded (0ms)
		ExecutionOrderSort2 (0ms)
		AwakeInstancesAfterBackupRestoration (8ms)
Shader Hidden/ProbeVolume/VoxelizeScene is not supported: GPU does not support conservative rasterization
Refreshing native plugins compatible for Editor in 6.95 ms, found 3 plugins.
Preloading 0 native plugins for Editor in 0.00 ms.
Unloading 5581 Unused Serialized files (Serialized files now loaded: 0)
Unloading 54 unused Assets / (2.2 MB). Loaded Objects now: 6168.
Memory consumption went from 184.7 MB to 182.5 MB.
Total: 9.038500 ms (FindLiveObjects: 0.758100 ms CreateObjectMapping: 0.656600 ms MarkObjects: 5.928300 ms  DeleteObjects: 1.693400 ms)

Prepare: number of updated asset objects reloaded= 0
AssetImportParameters requested are different than current active one (requested -> active):
  custom:container-demuxer-ogg: 62fdf1f143b41e24485cea50d1cbac27 -> 
  custom:video-decoder-ogg-theora: a1e56fd34408186e4bbccfd4996cb3dc -> 
  custom:framework-win-MediaFoundation: 216162199b28c13a410421893ffa2e32 -> 
  custom:CustomObjectIndexerAttribute: a3ef5dd2817f97addfee359851a9dba5 -> 
  custom:container-demuxer-webm: 4f35f7cbe854078d1ac9338744f61a02 -> 
  custom:container-muxer-webm: aa71ff27fc2769a1b78a27578f13a17b -> 
  custom:video-decoder-webm-vp8: 9c59270c3fd7afecdb556c50c9e8de78 -> 
  custom:SearchIndexIgnoredProperties: e643bd26f0fe6173181afceb89e7c659 -> 
  custom:AudioImporter_EditorPlatform: d09bf68614088b80899f8185d706f6e7 -> 
  custom:video-encoder-webm-vp8: eb34c28f22e8b96e1ab97ce403110664 -> 
  custom:audio-decoder-ogg-vorbis: bf7c407c2cedff20999df2af8eb42d56 -> 
  custom:audio-encoder-webm-vorbis: bf7c407c2cedff20999df2af8eb42d56 -> 
========================================================================
Received Import Request.
  Time since last request: 112.161644 seconds.
  path: Assets/Scenes/SceneGame.unity
  artifactKey: Guid(c33ccbc3ff1efad4c83cc7c9d87ce39b) Importer(815301076,1909f56bfc062723c751e8b465ee728b)
Start importing Assets/Scenes/SceneGame.unity using Guid(c33ccbc3ff1efad4c83cc7c9d87ce39b) Importer(815301076,1909f56bfc062723c751e8b465ee728b)  -> (artifact id: '15ce1fd47712c88323063ebede737f15') in 0.002389 seconds
Number of updated asset objects reloaded before import = 0
Number of asset objects unloaded after import = 0
========================================================================
Received Import Request.
  Time since last request: 10.235899 seconds.
  path: Assets/ZRNAssets/Skyboxes
  artifactKey: Guid(607426a9820414bfd8081fb22854dbd4) Importer(815301076,1909f56bfc062723c751e8b465ee728b)
Start importing Assets/ZRNAssets/Skyboxes using Guid(607426a9820414bfd8081fb22854dbd4) Importer(815301076,1909f56bfc062723c751e8b465ee728b)  -> (artifact id: '925d6f37b58590faa9ea3989e397fb2c') in 0.000566 seconds
Number of updated asset objects reloaded before import = 0
Number of asset objects unloaded after import = 0
========================================================================
Received Import Request.
  Time since last request: 0.062224 seconds.
  path: Assets/ZRNAssets/Skyboxes/DawnDusk Skybox.mat
  artifactKey: Guid(9ba05f538ee36044da5cd2a4f14a8b18) Importer(815301076,1909f56bfc062723c751e8b465ee728b)
Start importing Assets/ZRNAssets/Skyboxes/DawnDusk Skybox.mat using Guid(9ba05f538ee36044da5cd2a4f14a8b18) Importer(815301076,1909f56bfc062723c751e8b465ee728b)  -> (artifact id: 'd115b7009b60f492f1a3872983ee9a64') in 0.378963 seconds
Number of updated asset objects reloaded before import = 0
Number of asset objects unloaded after import = 7
========================================================================
Received Import Request.
  Time since last request: 0.000046 seconds.
  path: Assets/ZRNAssets/Skyboxes/StarryNight Skybox.mat
  artifactKey: Guid(5aab239cac7fe8a4c931693a7535da5c) Importer(815301076,1909f56bfc062723c751e8b465ee728b)
Start importing Assets/ZRNAssets/Skyboxes/StarryNight Skybox.mat using Guid(5aab239cac7fe8a4c931693a7535da5c) Importer(815301076,1909f56bfc062723c751e8b465ee728b)  -> (artifact id: 'bca37415a6b74c34a778e82723590d89') in 0.021695 seconds
Number of updated asset objects reloaded before import = 0
Number of asset objects unloaded after import = 7
========================================================================
Received Import Request.
  Time since last request: 0.000037 seconds.
  path: Assets/ZRNAssets/Skyboxes/Overcast2 Skybox.mat
  artifactKey: Guid(d4d16ca3d56fb7142a32d49bbd323836) Importer(815301076,1909f56bfc062723c751e8b465ee728b)
Start importing Assets/ZRNAssets/Skyboxes/Overcast2 Skybox.mat using Guid(d4d16ca3d56fb7142a32d49bbd323836) Importer(815301076,1909f56bfc062723c751e8b465ee728b)  -> (artifact id: 'f54f10480af833d50bcf95cc7115f33d') in 0.023800 seconds
Number of updated asset objects reloaded before import = 0
Number of asset objects unloaded after import = 7
========================================================================
Received Import Request.
  Time since last request: 0.000023 seconds.
  path: Assets/ZRNAssets/Skyboxes/Sunny3 Skybox.mat
  artifactKey: Guid(53412155bc1016547b1a77b2333c0380) Importer(815301076,1909f56bfc062723c751e8b465ee728b)
Start importing Assets/ZRNAssets/Skyboxes/Sunny3 Skybox.mat using Guid(53412155bc1016547b1a77b2333c0380) Importer(815301076,1909f56bfc062723c751e8b465ee728b)  -> (artifact id: '63f702a9f9128fe80d50f4ad4287cdc1') in 0.022174 seconds
Number of updated asset objects reloaded before import = 0
Number of asset objects unloaded after import = 7
========================================================================
Received Import Request.
  Time since last request: 0.000017 seconds.
  path: Assets/ZRNAssets/Skyboxes/Overcast1 Skybox.mat
  artifactKey: Guid(931987be26c9646429c56f8a4692bb81) Importer(815301076,1909f56bfc062723c751e8b465ee728b)
Start importing Assets/ZRNAssets/Skyboxes/Overcast1 Skybox.mat using Guid(931987be26c9646429c56f8a4692bb81) Importer(815301076,1909f56bfc062723c751e8b465ee728b)  -> (artifact id: '245070639b2dec809cea04135994d83d') in 0.019344 seconds
Number of updated asset objects reloaded before import = 0
Number of asset objects unloaded after import = 7
========================================================================
Received Import Request.
  Time since last request: 3.050657 seconds.
  path: Assets/ZRNAssets/PQAssets
  artifactKey: Guid(59a780d0e0112430089501ab9c23fd6f) Importer(815301076,1909f56bfc062723c751e8b465ee728b)
Start importing Assets/ZRNAssets/PQAssets using Guid(59a780d0e0112430089501ab9c23fd6f) Importer(815301076,1909f56bfc062723c751e8b465ee728b)  -> (artifact id: '0ffa94aaa1f7fbe29438077ee138ef57') in 0.000688 seconds
Number of updated asset objects reloaded before import = 0
Number of asset objects unloaded after import = 0
========================================================================
Received Import Request.
  Time since last request: 0.998872 seconds.
  path: Assets/ZRNAssets/PQAssets/Query-Chan
  artifactKey: Guid(10cf2ddb330724fc08667d825ceb8b9b) Importer(815301076,1909f56bfc062723c751e8b465ee728b)
Start importing Assets/ZRNAssets/PQAssets/Query-Chan using Guid(10cf2ddb330724fc08667d825ceb8b9b) Importer(815301076,1909f56bfc062723c751e8b465ee728b)  -> (artifact id: '2cd0a721bd7943615697f26700b01385') in 0.000574 seconds
Number of updated asset objects reloaded before import = 0
Number of asset objects unloaded after import = 0
========================================================================
Received Prepare
Begin MonoManager ReloadAssembly
- Loaded All Assemblies, in  0.683 seconds
Refreshing native plugins compatible for Editor in 7.07 ms, found 3 plugins.
Native extension for WindowsStandalone target not found
[Package Manager] Server::EnsureServerProcessIsRunning -- launch failed, reason: Unity was launched with the -noUpm command-line argument
[Package Manager] UpmClient::Send -- Unable to send message (not connected to UPM process).
[Package Manager] Cannot connect to Unity Package Manager local server
Mono: successfully reloaded assembly
- Finished resetting the current domain, in  1.833 seconds
Domain Reload Profiling: 2513ms
	BeginReloadAssembly (236ms)
		ExecutionOrderSort (0ms)
		DisableScriptedObjects (6ms)
		BackupInstance (0ms)
		ReleaseScriptingObjects (0ms)
		CreateAndSetChildDomain (48ms)
	RebuildCommonClasses (43ms)
	RebuildNativeTypeToScriptingClass (15ms)
	initialDomainReloadingComplete (34ms)
	LoadAllAssembliesAndSetupDomain (351ms)
		LoadAssemblies (464ms)
		RebuildTransferFunctionScriptingTraits (0ms)
		AnalyzeDomain (29ms)
			TypeCache.Refresh (8ms)
				TypeCache.ScanAssembly (0ms)
			ScanForSourceGeneratedMonoScriptInfo (0ms)
			ResolveRequiredComponents (18ms)
	FinalizeReload (1834ms)
		ReleaseScriptCaches (0ms)
		RebuildScriptCaches (0ms)
		SetupLoadedEditorAssemblies (770ms)
			LogAssemblyErrors (0ms)
			InitializePlatformSupportModulesInManaged (6ms)
			SetLoadedEditorAssemblies (6ms)
			RefreshPlugins (0ms)
			BeforeProcessingInitializeOnLoad (110ms)
			ProcessInitializeOnLoadAttributes (549ms)
			ProcessInitializeOnLoadMethodAttributes (93ms)
			AfterProcessingInitializeOnLoad (5ms)
			EditorAssembliesLoaded (0ms)
		ExecutionOrderSort2 (0ms)
		AwakeInstancesAfterBackupRestoration (11ms)
Shader Hidden/ProbeVolume/VoxelizeScene is not supported: GPU does not support conservative rasterization
Refreshing native plugins compatible for Editor in 6.51 ms, found 3 plugins.
Preloading 0 native plugins for Editor in 0.00 ms.
Unloading 5581 Unused Serialized files (Serialized files now loaded: 0)
Unloading 54 unused Assets / (2.2 MB). Loaded Objects now: 6225.
Memory consumption went from 189.3 MB to 187.1 MB.
Total: 6.708200 ms (FindLiveObjects: 0.716800 ms CreateObjectMapping: 0.249000 ms MarkObjects: 4.316500 ms  DeleteObjects: 1.424500 ms)

Prepare: number of updated asset objects reloaded= 0
AssetImportParameters requested are different than current active one (requested -> active):
  custom:container-demuxer-ogg: 62fdf1f143b41e24485cea50d1cbac27 -> 
  custom:video-decoder-ogg-theora: a1e56fd34408186e4bbccfd4996cb3dc -> 
  custom:framework-win-MediaFoundation: 216162199b28c13a410421893ffa2e32 -> 
  custom:CustomObjectIndexerAttribute: a3ef5dd2817f97addfee359851a9dba5 -> 
  custom:container-demuxer-webm: 4f35f7cbe854078d1ac9338744f61a02 -> 
  custom:container-muxer-webm: aa71ff27fc2769a1b78a27578f13a17b -> 
  custom:video-decoder-webm-vp8: 9c59270c3fd7afecdb556c50c9e8de78 -> 
  custom:SearchIndexIgnoredProperties: e643bd26f0fe6173181afceb89e7c659 -> 
  custom:AudioImporter_EditorPlatform: d09bf68614088b80899f8185d706f6e7 -> 
  custom:video-encoder-webm-vp8: eb34c28f22e8b96e1ab97ce403110664 -> 
  custom:audio-decoder-ogg-vorbis: bf7c407c2cedff20999df2af8eb42d56 -> 
  custom:audio-encoder-webm-vorbis: bf7c407c2cedff20999df2af8eb42d56 -> 
========================================================================
Received Import Request.
  Time since last request: 26.781499 seconds.
  path: Assets/ZRNAssets/005339_08932_25_14/Materials/005339_08932_25_14_TransP_unitedmat_1.mat
  artifactKey: Guid(5be949063ecc54ab7a3db1f481da18e2) Importer(815301076,1909f56bfc062723c751e8b465ee728b)
Start importing Assets/ZRNAssets/005339_08932_25_14/Materials/005339_08932_25_14_TransP_unitedmat_1.mat using Guid(5be949063ecc54ab7a3db1f481da18e2) Importer(815301076,1909f56bfc062723c751e8b465ee728b)  -> (artifact id: '809c64fd97d561081c5d09598ad0e3d0') in 0.220527 seconds
Number of updated asset objects reloaded before import = 0
Number of asset objects unloaded after import = 3
========================================================================
Received Import Request.
  Time since last request: 0.000024 seconds.
  path: Assets/ZRNAssets/005339_08932_25_14/Materials/005339_08932_25_14_unitedmat_38.mat
  artifactKey: Guid(85069925515a346ec90a5c66f3685c50) Importer(815301076,1909f56bfc062723c751e8b465ee728b)
Start importing Assets/ZRNAssets/005339_08932_25_14/Materials/005339_08932_25_14_unitedmat_38.mat using Guid(85069925515a346ec90a5c66f3685c50) Importer(815301076,1909f56bfc062723c751e8b465ee728b)  -> (artifact id: 'ba311a40df4ccdb5d1adf15c0218e945') in 0.022198 seconds
Number of updated asset objects reloaded before import = 0
Number of asset objects unloaded after import = 2
========================================================================
Received Import Request.
  Time since last request: 0.000028 seconds.
  path: Assets/ZRNAssets/005339_08932_25_14/Materials/005339_08932_25_14_TransP_unitedmat_6.mat
  artifactKey: Guid(7f90e7514c6914b43868c168537fd19f) Importer(815301076,1909f56bfc062723c751e8b465ee728b)
Start importing Assets/ZRNAssets/005339_08932_25_14/Materials/005339_08932_25_14_TransP_unitedmat_6.mat using Guid(7f90e7514c6914b43868c168537fd19f) Importer(815301076,1909f56bfc062723c751e8b465ee728b)  -> (artifact id: 'cbff44e9e6c70437649e03ff68220d64') in 0.019547 seconds
Number of updated asset objects reloaded before import = 0
Number of asset objects unloaded after import = 3
========================================================================
Received Import Request.
  Time since last request: 0.000022 seconds.
  path: Assets/ZRNAssets/005339_08932_25_14/Materials/005339_08932_25_14_unitedmat_28.mat
  artifactKey: Guid(7bcfa8b8904ff4141867b2518ce1795f) Importer(815301076,1909f56bfc062723c751e8b465ee728b)
Start importing Assets/ZRNAssets/005339_08932_25_14/Materials/005339_08932_25_14_unitedmat_28.mat using Guid(7bcfa8b8904ff4141867b2518ce1795f) Importer(815301076,1909f56bfc062723c751e8b465ee728b)  -> (artifact id: 'c8ab5ee77bcc710e797bb4883a6c6337') in 0.013837 seconds
Number of updated asset objects reloaded before import = 0
Number of asset objects unloaded after import = 2
========================================================================
Received Import Request.
  Time since last request: 0.000021 seconds.
  path: Assets/ZRNAssets/005339_08932_25_14/Materials/005339_08932_25_14_unitedmat_16.mat
  artifactKey: Guid(889d201d4d16c4aecbc3c865dd2959a0) Importer(815301076,1909f56bfc062723c751e8b465ee728b)
Start importing Assets/ZRNAssets/005339_08932_25_14/Materials/005339_08932_25_14_unitedmat_16.mat using Guid(889d201d4d16c4aecbc3c865dd2959a0) Importer(815301076,1909f56bfc062723c751e8b465ee728b)  -> (artifact id: 'd6e68a1d8a20eaac28e66a36707bcf12') in 0.013832 seconds
Number of updated asset objects reloaded before import = 0
Number of asset objects unloaded after import = 2
========================================================================
Received Import Request.
  Time since last request: 0.000025 seconds.
  path: Assets/ZRNAssets/005339_08932_25_14/Materials/005339_08932_25_14_unitedmat_9.mat
  artifactKey: Guid(fd15907f3602d49c39fac82df2c48667) Importer(815301076,1909f56bfc062723c751e8b465ee728b)
Start importing Assets/ZRNAssets/005339_08932_25_14/Materials/005339_08932_25_14_unitedmat_9.mat using Guid(fd15907f3602d49c39fac82df2c48667) Importer(815301076,1909f56bfc062723c751e8b465ee728b)  -> (artifact id: 'aba539d68f3cb3771e3b6a5852921ad5') in 0.014146 seconds
Number of updated asset objects reloaded before import = 0
Number of asset objects unloaded after import = 2
========================================================================
Received Import Request.
  Time since last request: 0.000025 seconds.
  path: Assets/ZRNAssets/005339_08932_25_14/Materials/005339_08932_25_14_unitedmat_36.mat
  artifactKey: Guid(a365268ce27b04b799a5ac1a95114e8f) Importer(815301076,1909f56bfc062723c751e8b465ee728b)
Start importing Assets/ZRNAssets/005339_08932_25_14/Materials/005339_08932_25_14_unitedmat_36.mat using Guid(a365268ce27b04b799a5ac1a95114e8f) Importer(815301076,1909f56bfc062723c751e8b465ee728b)  -> (artifact id: 'a6dbb4bfabf300782f0865878f6d9ad7') in 0.014825 seconds
Number of updated asset objects reloaded before import = 0
Number of asset objects unloaded after import = 2
========================================================================
Received Import Request.
  Time since last request: 0.000027 seconds.
  path: Assets/ZRNAssets/005339_08932_25_14/Materials/005339_08932_25_14_TransP_unitedmat_7.mat
  artifactKey: Guid(cc0d940a9b97d45c48a17d225bbc5096) Importer(815301076,1909f56bfc062723c751e8b465ee728b)
Start importing Assets/ZRNAssets/005339_08932_25_14/Materials/005339_08932_25_14_TransP_unitedmat_7.mat using Guid(cc0d940a9b97d45c48a17d225bbc5096) Importer(815301076,1909f56bfc062723c751e8b465ee728b)  -> (artifact id: 'ce5749204ea45f783d5157b2300e7042') in 0.014019 seconds
Number of updated asset objects reloaded before import = 0
Number of asset objects unloaded after import = 3
========================================================================
Received Import Request.
  Time since last request: 0.000022 seconds.
  path: Assets/ZRNAssets/005339_08932_25_14/Materials/005339_08932_25_14_unitedmat_13.mat
  artifactKey: Guid(d7cf477c6fb014ce4a98049fb0401e42) Importer(815301076,1909f56bfc062723c751e8b465ee728b)
Start importing Assets/ZRNAssets/005339_08932_25_14/Materials/005339_08932_25_14_unitedmat_13.mat using Guid(d7cf477c6fb014ce4a98049fb0401e42) Importer(815301076,1909f56bfc062723c751e8b465ee728b)  -> (artifact id: 'b71f83ae07308b3eab95c4bca459f69b') in 0.012185 seconds
Number of updated asset objects reloaded before import = 0
Number of asset objects unloaded after import = 2
========================================================================
Received Import Request.
  Time since last request: 0.000021 seconds.
  path: Assets/ZRNAssets/005339_08932_25_14/Materials/005339_08932_25_14_TransP_unitedmat_5.mat
  artifactKey: Guid(28c16982a0e304c65b0f3ad40bdd2a0d) Importer(815301076,1909f56bfc062723c751e8b465ee728b)
Start importing Assets/ZRNAssets/005339_08932_25_14/Materials/005339_08932_25_14_TransP_unitedmat_5.mat using Guid(28c16982a0e304c65b0f3ad40bdd2a0d) Importer(815301076,1909f56bfc062723c751e8b465ee728b)  -> (artifact id: 'c92a149fb99b800ee6b8aa45fb718315') in 0.014224 seconds
Number of updated asset objects reloaded before import = 0
Number of asset objects unloaded after import = 3
========================================================================
Received Import Request.
  Time since last request: 0.000023 seconds.
  path: Assets/ZRNAssets/005339_08932_25_14/Materials/005339_08932_25_14_unitedmat_20.mat
  artifactKey: Guid(1e5715f2b5e844fdd8b63cd8462d8277) Importer(815301076,1909f56bfc062723c751e8b465ee728b)
Start importing Assets/ZRNAssets/005339_08932_25_14/Materials/005339_08932_25_14_unitedmat_20.mat using Guid(1e5715f2b5e844fdd8b63cd8462d8277) Importer(815301076,1909f56bfc062723c751e8b465ee728b)  -> (artifact id: 'b94c4219c2f4183f76938e71c5f07ba8') in 0.013365 seconds
Number of updated asset objects reloaded before import = 0
Number of asset objects unloaded after import = 2
========================================================================
Received Import Request.
  Time since last request: 0.000024 seconds.
  path: Assets/ZRNAssets/005339_08932_25_14/Materials/005339_08932_25_14_unitedmat_25.mat
  artifactKey: Guid(52ad49a1d965a4327a38c4e1e0bc861d) Importer(815301076,1909f56bfc062723c751e8b465ee728b)
Start importing Assets/ZRNAssets/005339_08932_25_14/Materials/005339_08932_25_14_unitedmat_25.mat using Guid(52ad49a1d965a4327a38c4e1e0bc861d) Importer(815301076,1909f56bfc062723c751e8b465ee728b)  -> (artifact id: '6f0beaf62575824f8b79975090449cab') in 0.016105 seconds
Number of updated asset objects reloaded before import = 0
Number of asset objects unloaded after import = 2
========================================================================
Received Import Request.
  Time since last request: 0.000044 seconds.
  path: Assets/ZRNAssets/005339_08932_25_14/Materials/005339_08932_25_14_unitedmat_5.mat
  artifactKey: Guid(60d53a416c826429c84697d311c95199) Importer(815301076,1909f56bfc062723c751e8b465ee728b)
Start importing Assets/ZRNAssets/005339_08932_25_14/Materials/005339_08932_25_14_unitedmat_5.mat using Guid(60d53a416c826429c84697d311c95199) Importer(815301076,1909f56bfc062723c751e8b465ee728b)  -> (artifact id: '3063919f0fd5badf3b6d2cb478b3ab76') in 0.015867 seconds
Number of updated asset objects reloaded before import = 0
Number of asset objects unloaded after import = 2
========================================================================
Received Import Request.
  Time since last request: 0.000028 seconds.
  path: Assets/ZRNAssets/005339_08932_25_14/Materials/005339_08932_25_14_unitedmat_19.mat
  artifactKey: Guid(458e5c6f433c1411f86e0dfc36575b24) Importer(815301076,1909f56bfc062723c751e8b465ee728b)
Start importing Assets/ZRNAssets/005339_08932_25_14/Materials/005339_08932_25_14_unitedmat_19.mat using Guid(458e5c6f433c1411f86e0dfc36575b24) Importer(815301076,1909f56bfc062723c751e8b465ee728b)  -> (artifact id: 'dffdc83d3caa1ba3b067e70b48dd37d5') in 0.015126 seconds
Number of updated asset objects reloaded before import = 0
Number of asset objects unloaded after import = 2
========================================================================
Received Import Request.
  Time since last request: 0.000026 seconds.
  path: Assets/ZRNAssets/005339_08932_25_14/Materials/005339_08932_25_14_unitedmat_11.mat
  artifactKey: Guid(ed6e7cb5c83554965b896b3ef7c01d28) Importer(815301076,1909f56bfc062723c751e8b465ee728b)
Start importing Assets/ZRNAssets/005339_08932_25_14/Materials/005339_08932_25_14_unitedmat_11.mat using Guid(ed6e7cb5c83554965b896b3ef7c01d28) Importer(815301076,1909f56bfc062723c751e8b465ee728b)  -> (artifact id: 'a81f1f76d24a56c84f7f5f94c65bbfc5') in 0.010863 seconds
Number of updated asset objects reloaded before import = 0
Number of asset objects unloaded after import = 2
========================================================================
Received Import Request.
  Time since last request: 0.000028 seconds.
  path: Assets/ZRNAssets/005339_08932_25_14/Materials/005339_08932_25_14_unitedmat_37.mat
  artifactKey: Guid(396f6b502aa6249e3980de60c9a05161) Importer(815301076,1909f56bfc062723c751e8b465ee728b)
Start importing Assets/ZRNAssets/005339_08932_25_14/Materials/005339_08932_25_14_unitedmat_37.mat using Guid(396f6b502aa6249e3980de60c9a05161) Importer(815301076,1909f56bfc062723c751e8b465ee728b)  -> (artifact id: '400981617950eef045a7a9c9bd0523c5') in 0.013186 seconds
Number of updated asset objects reloaded before import = 0
Number of asset objects unloaded after import = 2
========================================================================
Received Import Request.
  Time since last request: 0.000025 seconds.
  path: Assets/ZRNAssets/005339_08932_25_14/Materials/005339_08932_25_14_unitedmat_8.mat
  artifactKey: Guid(f94b920cad2954d0883948d34cf645a9) Importer(815301076,1909f56bfc062723c751e8b465ee728b)
Start importing Assets/ZRNAssets/005339_08932_25_14/Materials/005339_08932_25_14_unitedmat_8.mat using Guid(f94b920cad2954d0883948d34cf645a9) Importer(815301076,1909f56bfc062723c751e8b465ee728b)  -> (artifact id: '042fad6c501b46c67292dd1e202e215e') in 0.013666 seconds
Number of updated asset objects reloaded before import = 0
Number of asset objects unloaded after import = 2
========================================================================
Received Import Request.
  Time since last request: 0.000018 seconds.
  path: Assets/ZRNAssets/005339_08932_25_14/Materials/005339_08932_25_14_unitedmat_24.mat
  artifactKey: Guid(88df3c9d2b1314eaf8eda3281f2ac532) Importer(815301076,1909f56bfc062723c751e8b465ee728b)
Start importing Assets/ZRNAssets/005339_08932_25_14/Materials/005339_08932_25_14_unitedmat_24.mat using Guid(88df3c9d2b1314eaf8eda3281f2ac532) Importer(815301076,1909f56bfc062723c751e8b465ee728b)  -> (artifact id: '4fdcf9c7c97013712dcdcaddf0ff874c') in 0.014281 seconds
Number of updated asset objects reloaded before import = 0
Number of asset objects unloaded after import = 2
========================================================================
Received Import Request.
  Time since last request: 0.000020 seconds.
  path: Assets/ZRNAssets/005339_08932_25_14/Materials/005339_08932_25_14_unitedmat_40.mat
  artifactKey: Guid(7e0eba4c9f7454588b9e7c00fabcb920) Importer(815301076,1909f56bfc062723c751e8b465ee728b)
Start importing Assets/ZRNAssets/005339_08932_25_14/Materials/005339_08932_25_14_unitedmat_40.mat using Guid(7e0eba4c9f7454588b9e7c00fabcb920) Importer(815301076,1909f56bfc062723c751e8b465ee728b)  -> (artifact id: 'f31973dab4726abe79c0dad8dbadb092') in 0.015697 seconds
Number of updated asset objects reloaded before import = 0
Number of asset objects unloaded after import = 2
========================================================================
Received Import Request.
  Time since last request: 0.000021 seconds.
  path: Assets/ZRNAssets/005339_08932_25_14/Materials/005339_08932_25_14_unitedmat_33.mat
  artifactKey: Guid(0125ed2924c504bd7bcce66299ca4fd9) Importer(815301076,1909f56bfc062723c751e8b465ee728b)
Start importing Assets/ZRNAssets/005339_08932_25_14/Materials/005339_08932_25_14_unitedmat_33.mat using Guid(0125ed2924c504bd7bcce66299ca4fd9) Importer(815301076,1909f56bfc062723c751e8b465ee728b)  -> (artifact id: '22585fc4b1f589d10be215015b88f4d2') in 0.014611 seconds
Number of updated asset objects reloaded before import = 0
Number of asset objects unloaded after import = 2
========================================================================
Received Prepare
Begin MonoManager ReloadAssembly
- Loaded All Assemblies, in  0.710 seconds
Refreshing native plugins compatible for Editor in 6.29 ms, found 3 plugins.
Native extension for WindowsStandalone target not found
[Package Manager] Server::EnsureServerProcessIsRunning -- launch failed, reason: Unity was launched with the -noUpm command-line argument
[Package Manager] UpmClient::Send -- Unable to send message (not connected to UPM process).
[Package Manager] Cannot connect to Unity Package Manager local server
Mono: successfully reloaded assembly
- Finished resetting the current domain, in  1.750 seconds
Domain Reload Profiling: 2457ms
	BeginReloadAssembly (229ms)
		ExecutionOrderSort (0ms)
		DisableScriptedObjects (6ms)
		BackupInstance (0ms)
		ReleaseScriptingObjects (0ms)
		CreateAndSetChildDomain (45ms)
	RebuildCommonClasses (42ms)
	RebuildNativeTypeToScriptingClass (15ms)
	initialDomainReloadingComplete (38ms)
	LoadAllAssembliesAndSetupDomain (381ms)
		LoadAssemblies (497ms)
		RebuildTransferFunctionScriptingTraits (0ms)
		AnalyzeDomain (25ms)
			TypeCache.Refresh (8ms)
				TypeCache.ScanAssembly (0ms)
			ScanForSourceGeneratedMonoScriptInfo (0ms)
			ResolveRequiredComponents (16ms)
	FinalizeReload (1751ms)
		ReleaseScriptCaches (0ms)
		RebuildScriptCaches (0ms)
		SetupLoadedEditorAssemblies (730ms)
			LogAssemblyErrors (0ms)
			InitializePlatformSupportModulesInManaged (6ms)
			SetLoadedEditorAssemblies (6ms)
			RefreshPlugins (0ms)
			BeforeProcessingInitializeOnLoad (109ms)
			ProcessInitializeOnLoadAttributes (521ms)
			ProcessInitializeOnLoadMethodAttributes (84ms)
			AfterProcessingInitializeOnLoad (4ms)
			EditorAssembliesLoaded (0ms)
		ExecutionOrderSort2 (0ms)
		AwakeInstancesAfterBackupRestoration (8ms)
Shader Hidden/ProbeVolume/VoxelizeScene is not supported: GPU does not support conservative rasterization
Refreshing native plugins compatible for Editor in 7.06 ms, found 3 plugins.
Preloading 0 native plugins for Editor in 0.00 ms.
Unloading 5581 Unused Serialized files (Serialized files now loaded: 0)
Unloading 53 unused Assets / (1.9 MB). Loaded Objects now: 6241.
Memory consumption went from 189.3 MB to 187.4 MB.
Total: 6.725900 ms (FindLiveObjects: 0.711700 ms CreateObjectMapping: 0.326600 ms MarkObjects: 4.383400 ms  DeleteObjects: 1.302500 ms)

Prepare: number of updated asset objects reloaded= 0
AssetImportParameters requested are different than current active one (requested -> active):
  custom:container-demuxer-ogg: 62fdf1f143b41e24485cea50d1cbac27 -> 
  custom:video-decoder-ogg-theora: a1e56fd34408186e4bbccfd4996cb3dc -> 
  custom:framework-win-MediaFoundation: 216162199b28c13a410421893ffa2e32 -> 
  custom:CustomObjectIndexerAttribute: a3ef5dd2817f97addfee359851a9dba5 -> 
  custom:container-demuxer-webm: 4f35f7cbe854078d1ac9338744f61a02 -> 
  custom:container-muxer-webm: aa71ff27fc2769a1b78a27578f13a17b -> 
  custom:video-decoder-webm-vp8: 9c59270c3fd7afecdb556c50c9e8de78 -> 
  custom:SearchIndexIgnoredProperties: e643bd26f0fe6173181afceb89e7c659 -> 
  custom:AudioImporter_EditorPlatform: d09bf68614088b80899f8185d706f6e7 -> 
  custom:video-encoder-webm-vp8: eb34c28f22e8b96e1ab97ce403110664 -> 
  custom:audio-decoder-ogg-vorbis: bf7c407c2cedff20999df2af8eb42d56 -> 
  custom:audio-encoder-webm-vorbis: bf7c407c2cedff20999df2af8eb42d56 -> 
========================================================================
Received Prepare
Begin MonoManager ReloadAssembly
- Loaded All Assemblies, in  0.663 seconds
Refreshing native plugins compatible for Editor in 6.63 ms, found 3 plugins.
Native extension for WindowsStandalone target not found
[Package Manager] Server::EnsureServerProcessIsRunning -- launch failed, reason: Unity was launched with the -noUpm command-line argument
[Package Manager] UpmClient::Send -- Unable to send message (not connected to UPM process).
[Package Manager] Cannot connect to Unity Package Manager local server
Mono: successfully reloaded assembly
- Finished resetting the current domain, in  1.721 seconds
Domain Reload Profiling: 2381ms
	BeginReloadAssembly (232ms)
		ExecutionOrderSort (0ms)
		DisableScriptedObjects (7ms)
		BackupInstance (0ms)
		ReleaseScriptingObjects (0ms)
		CreateAndSetChildDomain (47ms)
	RebuildCommonClasses (45ms)
	RebuildNativeTypeToScriptingClass (21ms)
	initialDomainReloadingComplete (36ms)
	LoadAllAssembliesAndSetupDomain (325ms)
		LoadAssemblies (437ms)
		RebuildTransferFunctionScriptingTraits (0ms)
		AnalyzeDomain (27ms)
			TypeCache.Refresh (7ms)
				TypeCache.ScanAssembly (0ms)
			ScanForSourceGeneratedMonoScriptInfo (0ms)
			ResolveRequiredComponents (18ms)
	FinalizeReload (1722ms)
		ReleaseScriptCaches (0ms)
		RebuildScriptCaches (0ms)
		SetupLoadedEditorAssemblies (722ms)
			LogAssemblyErrors (0ms)
			InitializePlatformSupportModulesInManaged (6ms)
			SetLoadedEditorAssemblies (6ms)
			RefreshPlugins (0ms)
			BeforeProcessingInitializeOnLoad (110ms)
			ProcessInitializeOnLoadAttributes (510ms)
			ProcessInitializeOnLoadMethodAttributes (86ms)
			AfterProcessingInitializeOnLoad (4ms)
			EditorAssembliesLoaded (0ms)
		ExecutionOrderSort2 (0ms)
		AwakeInstancesAfterBackupRestoration (9ms)
Shader Hidden/ProbeVolume/VoxelizeScene is not supported: GPU does not support conservative rasterization
Refreshing native plugins compatible for Editor in 6.22 ms, found 3 plugins.
Preloading 0 native plugins for Editor in 0.00 ms.
Unloading 5580 Unused Serialized files (Serialized files now loaded: 0)
Unloading 53 unused Assets / (1.9 MB). Loaded Objects now: 6256.
Memory consumption went from 189.1 MB to 187.1 MB.
Total: 5.566600 ms (FindLiveObjects: 0.586400 ms CreateObjectMapping: 0.191300 ms MarkObjects: 3.713900 ms  DeleteObjects: 1.073700 ms)

Prepare: number of updated asset objects reloaded= 0
AssetImportParameters requested are different than current active one (requested -> active):
  custom:container-demuxer-ogg: 62fdf1f143b41e24485cea50d1cbac27 -> 
  custom:video-decoder-ogg-theora: a1e56fd34408186e4bbccfd4996cb3dc -> 
  custom:framework-win-MediaFoundation: 216162199b28c13a410421893ffa2e32 -> 
  custom:CustomObjectIndexerAttribute: a3ef5dd2817f97addfee359851a9dba5 -> 
  custom:container-demuxer-webm: 4f35f7cbe854078d1ac9338744f61a02 -> 
  custom:container-muxer-webm: aa71ff27fc2769a1b78a27578f13a17b -> 
  custom:video-decoder-webm-vp8: 9c59270c3fd7afecdb556c50c9e8de78 -> 
  custom:SearchIndexIgnoredProperties: e643bd26f0fe6173181afceb89e7c659 -> 
  custom:AudioImporter_EditorPlatform: d09bf68614088b80899f8185d706f6e7 -> 
  custom:video-encoder-webm-vp8: eb34c28f22e8b96e1ab97ce403110664 -> 
  custom:audio-decoder-ogg-vorbis: bf7c407c2cedff20999df2af8eb42d56 -> 
  custom:audio-encoder-webm-vorbis: bf7c407c2cedff20999df2af8eb42d56 -> 
========================================================================
Received Import Request.
  Time since last request: 337.083839 seconds.
  path: Assets/ZRNAssets/005339_08932_25_14/Materials/S_G_000193_F1.mat
  artifactKey: Guid(8b14a95a423f24d0f8fcf21cfe0fc56a) Importer(815301076,1909f56bfc062723c751e8b465ee728b)
Start importing Assets/ZRNAssets/005339_08932_25_14/Materials/S_G_000193_F1.mat using Guid(8b14a95a423f24d0f8fcf21cfe0fc56a) Importer(815301076,1909f56bfc062723c751e8b465ee728b)  -> (artifact id: '343263ea285fc84ba5d61ff0303c0045') in 0.088247 seconds
Number of updated asset objects reloaded before import = 0
Number of asset objects unloaded after import = 2
========================================================================
Received Import Request.
  Time since last request: 0.000027 seconds.
  path: Assets/ZRNAssets/005339_08932_25_14/Materials/S_G_000193_S1.mat
  artifactKey: Guid(c2dab3145dfca4b718c369a6973bca51) Importer(815301076,1909f56bfc062723c751e8b465ee728b)
Start importing Assets/ZRNAssets/005339_08932_25_14/Materials/S_G_000193_S1.mat using Guid(c2dab3145dfca4b718c369a6973bca51) Importer(815301076,1909f56bfc062723c751e8b465ee728b)  -> (artifact id: '908732573b7f4c3738c0532ad55b6810') in 0.011634 seconds
Number of updated asset objects reloaded before import = 0
Number of asset objects unloaded after import = 2
========================================================================
Received Import Request.
  Time since last request: 0.000024 seconds.
  path: Assets/ZRNAssets/005339_08932_25_14/Materials/S_TrainFrame1_0001_TransP.mat
  artifactKey: Guid(b51c368c49def4a87b407536f0d8a9c0) Importer(815301076,1909f56bfc062723c751e8b465ee728b)
Start importing Assets/ZRNAssets/005339_08932_25_14/Materials/S_TrainFrame1_0001_TransP.mat using Guid(b51c368c49def4a87b407536f0d8a9c0) Importer(815301076,1909f56bfc062723c751e8b465ee728b)  -> (artifact id: '4435d7fdae1f797bb27972c35767c6eb') in 0.177672 seconds
Number of updated asset objects reloaded before import = 0
Number of asset objects unloaded after import = 2
========================================================================
Received Import Request.
  Time since last request: 0.000030 seconds.
  path: Assets/ZRNAssets/005339_08932_25_14/Materials/s_tetudou_protectwall.mat
  artifactKey: Guid(34484e353a2794a76974ae79b535a31b) Importer(815301076,1909f56bfc062723c751e8b465ee728b)
Start importing Assets/ZRNAssets/005339_08932_25_14/Materials/s_tetudou_protectwall.mat using Guid(34484e353a2794a76974ae79b535a31b) Importer(815301076,1909f56bfc062723c751e8b465ee728b)  -> (artifact id: 'f381909676fe5f61713e13082c715cee') in 0.010794 seconds
Number of updated asset objects reloaded before import = 0
Number of asset objects unloaded after import = 2
========================================================================
Received Import Request.
  Time since last request: 0.000036 seconds.
  path: Assets/ZRNAssets/005339_08932_25_14/Materials/S_RiverSideWall.mat
  artifactKey: Guid(5089cc61e2fe043d4b4b5fdd46036bca) Importer(815301076,1909f56bfc062723c751e8b465ee728b)
Start importing Assets/ZRNAssets/005339_08932_25_14/Materials/S_RiverSideWall.mat using Guid(5089cc61e2fe043d4b4b5fdd46036bca) Importer(815301076,1909f56bfc062723c751e8b465ee728b)  -> (artifact id: '1481dd06ebd508492d824de3f26feed7') in 0.013714 seconds
Number of updated asset objects reloaded before import = 0
Number of asset objects unloaded after import = 2
========================================================================
Received Import Request.
  Time since last request: 0.000043 seconds.
  path: Assets/ZRNAssets/005339_08932_25_14/Materials/T_580009_0_TransP.mat
  artifactKey: Guid(c66a23616d1ba4df28fdd96d94b07418) Importer(815301076,1909f56bfc062723c751e8b465ee728b)
Start importing Assets/ZRNAssets/005339_08932_25_14/Materials/T_580009_0_TransP.mat using Guid(c66a23616d1ba4df28fdd96d94b07418) Importer(815301076,1909f56bfc062723c751e8b465ee728b)  -> (artifact id: '6f2812e99e67992389fb01bed81426e0') in 0.010438 seconds
Number of updated asset objects reloaded before import = 0
Number of asset objects unloaded after import = 2
========================================================================
Received Import Request.
  Time since last request: 0.000020 seconds.
  path: Assets/ZRNAssets/005339_08932_25_14/Materials/S_G_000198_S.mat
  artifactKey: Guid(73dcff6a79e50404892422f4109a3cd1) Importer(815301076,1909f56bfc062723c751e8b465ee728b)
Start importing Assets/ZRNAssets/005339_08932_25_14/Materials/S_G_000198_S.mat using Guid(73dcff6a79e50404892422f4109a3cd1) Importer(815301076,1909f56bfc062723c751e8b465ee728b)  -> (artifact id: 'f11a77d67ac55a8237a02a2b5844d4b5') in 0.010654 seconds
Number of updated asset objects reloaded before import = 0
Number of asset objects unloaded after import = 2
========================================================================
Received Import Request.
  Time since last request: 0.000018 seconds.
  path: Assets/ZRNAssets/005339_08932_25_14/Materials/s_tetudou_rail_TransP.mat
  artifactKey: Guid(0a191418598d3425f9fbe31de2b3c99d) Importer(815301076,1909f56bfc062723c751e8b465ee728b)
Start importing Assets/ZRNAssets/005339_08932_25_14/Materials/s_tetudou_rail_TransP.mat using Guid(0a191418598d3425f9fbe31de2b3c99d) Importer(815301076,1909f56bfc062723c751e8b465ee728b)  -> (artifact id: '2ac8edab0d5fa9d2bd5831a13cf653ec') in 0.012907 seconds
Number of updated asset objects reloaded before import = 0
Number of asset objects unloaded after import = 2
========================================================================
Received Import Request.
  Time since last request: 0.000024 seconds.
  path: Assets/ZRNAssets/005339_08932_25_14/Materials/s_hodou_hai_t.mat
  artifactKey: Guid(70bd2597270cf48b58f30675211948a8) Importer(815301076,1909f56bfc062723c751e8b465ee728b)
Start importing Assets/ZRNAssets/005339_08932_25_14/Materials/s_hodou_hai_t.mat using Guid(70bd2597270cf48b58f30675211948a8) Importer(815301076,1909f56bfc062723c751e8b465ee728b)  -> (artifact id: '82bfb92c315fad30cdc4151bdf4473a3') in 0.014012 seconds
Number of updated asset objects reloaded before import = 0
Number of asset objects unloaded after import = 2
========================================================================
Received Import Request.
  Time since last request: 0.000024 seconds.
  path: Assets/ZRNAssets/005339_08932_25_14/Materials/S_G_000197_S.mat
  artifactKey: Guid(b2bcb2f15bf6f4dc2927b2103d7737f5) Importer(815301076,1909f56bfc062723c751e8b465ee728b)
Start importing Assets/ZRNAssets/005339_08932_25_14/Materials/S_G_000197_S.mat using Guid(b2bcb2f15bf6f4dc2927b2103d7737f5) Importer(815301076,1909f56bfc062723c751e8b465ee728b)  -> (artifact id: '490a75cc34746f9920ea999b37ba0b61') in 0.011209 seconds
Number of updated asset objects reloaded before import = 0
Number of asset objects unloaded after import = 2
========================================================================
Received Import Request.
  Time since last request: 0.000022 seconds.
  path: Assets/ZRNAssets/005339_08932_25_14/Materials/s_tetudou_bridgegirder.mat
  artifactKey: Guid(9d5cc9260cd1a4312a62041f9140c371) Importer(815301076,1909f56bfc062723c751e8b465ee728b)
Start importing Assets/ZRNAssets/005339_08932_25_14/Materials/s_tetudou_bridgegirder.mat using Guid(9d5cc9260cd1a4312a62041f9140c371) Importer(815301076,1909f56bfc062723c751e8b465ee728b)  -> (artifact id: 'e38b396db424baf7b00f141e1d55149a') in 0.011249 seconds
Number of updated asset objects reloaded before import = 0
Number of asset objects unloaded after import = 2
========================================================================
Received Import Request.
  Time since last request: 0.000022 seconds.
  path: Assets/ZRNAssets/005339_08932_25_14/Materials/s_hodou_hai_t2.mat
  artifactKey: Guid(8400d0dc4ee454ebda7405a1e9820b37) Importer(815301076,1909f56bfc062723c751e8b465ee728b)
Start importing Assets/ZRNAssets/005339_08932_25_14/Materials/s_hodou_hai_t2.mat using Guid(8400d0dc4ee454ebda7405a1e9820b37) Importer(815301076,1909f56bfc062723c751e8b465ee728b)  -> (artifact id: 'c09d0984eda8f6e0ef2a3508d1558740') in 0.010046 seconds
Number of updated asset objects reloaded before import = 0
Number of asset objects unloaded after import = 2
========================================================================
Received Import Request.
  Time since last request: 0.000020 seconds.
  path: Assets/ZRNAssets/005339_08932_25_14/Materials/s_uekomi.mat
  artifactKey: Guid(d901e35388362404c96615c354bfec26) Importer(815301076,1909f56bfc062723c751e8b465ee728b)
Start importing Assets/ZRNAssets/005339_08932_25_14/Materials/s_uekomi.mat using Guid(d901e35388362404c96615c354bfec26) Importer(815301076,1909f56bfc062723c751e8b465ee728b)  -> (artifact id: 'a40b3f714800b247a2eb04eb8f0ab451') in 0.011222 seconds
Number of updated asset objects reloaded before import = 0
Number of asset objects unloaded after import = 2
========================================================================
Received Import Request.
  Time since last request: 0.554632 seconds.
  path: Assets/ZRNAssets/005339_08932_25_14/Materials/S_G_000167_S.mat
  artifactKey: Guid(276d9ad1d35bf447eafd52bc97d02c29) Importer(815301076,1909f56bfc062723c751e8b465ee728b)
Start importing Assets/ZRNAssets/005339_08932_25_14/Materials/S_G_000167_S.mat using Guid(276d9ad1d35bf447eafd52bc97d02c29) Importer(815301076,1909f56bfc062723c751e8b465ee728b)  -> (artifact id: '767baf0c8327b9c82d0091d8274ae4fd') in 0.009382 seconds
Number of updated asset objects reloaded before import = 0
Number of asset objects unloaded after import = 2
========================================================================
Received Import Request.
  Time since last request: 0.000020 seconds.
  path: Assets/ZRNAssets/005339_08932_25_14/Materials/S_G_000187_F1.mat
  artifactKey: Guid(ac2f8ba7be5dc4ab0be7a6d8931ec733) Importer(815301076,1909f56bfc062723c751e8b465ee728b)
Start importing Assets/ZRNAssets/005339_08932_25_14/Materials/S_G_000187_F1.mat using Guid(ac2f8ba7be5dc4ab0be7a6d8931ec733) Importer(815301076,1909f56bfc062723c751e8b465ee728b)  -> (artifact id: '772c85a7722225fd441ac80569760cb7') in 0.008358 seconds
Number of updated asset objects reloaded before import = 0
Number of asset objects unloaded after import = 2
========================================================================
Received Import Request.
  Time since last request: 0.000018 seconds.
  path: Assets/ZRNAssets/005339_08932_25_14/Materials/S_G_000181_S.mat
  artifactKey: Guid(e746ca72413244c1b953370663117cf7) Importer(815301076,1909f56bfc062723c751e8b465ee728b)
Start importing Assets/ZRNAssets/005339_08932_25_14/Materials/S_G_000181_S.mat using Guid(e746ca72413244c1b953370663117cf7) Importer(815301076,1909f56bfc062723c751e8b465ee728b)  -> (artifact id: 'ab91a702df1f89d763d8e97e4f5f4526') in 0.012470 seconds
Number of updated asset objects reloaded before import = 0
Number of asset objects unloaded after import = 2
========================================================================
Received Import Request.
  Time since last request: 0.000021 seconds.
  path: Assets/ZRNAssets/005339_08932_25_14/Materials/S_G_000192_F1.mat
  artifactKey: Guid(6b72cf44d5cd14e38a570f7a93dc7af9) Importer(815301076,1909f56bfc062723c751e8b465ee728b)
Start importing Assets/ZRNAssets/005339_08932_25_14/Materials/S_G_000192_F1.mat using Guid(6b72cf44d5cd14e38a570f7a93dc7af9) Importer(815301076,1909f56bfc062723c751e8b465ee728b)  -> (artifact id: '7383a73ad2a58828b4aa259232e136e2') in 0.010790 seconds
Number of updated asset objects reloaded before import = 0
Number of asset objects unloaded after import = 2
========================================================================
Received Import Request.
  Time since last request: 0.000024 seconds.
  path: Assets/ZRNAssets/005339_08932_25_14/Materials/S_G_000183_S1.mat
  artifactKey: Guid(18e71d7f829084aff8fabfbfee116e42) Importer(815301076,1909f56bfc062723c751e8b465ee728b)
Start importing Assets/ZRNAssets/005339_08932_25_14/Materials/S_G_000183_S1.mat using Guid(18e71d7f829084aff8fabfbfee116e42) Importer(815301076,1909f56bfc062723c751e8b465ee728b)  -> (artifact id: '20ade4eac9039936969d09b74a56fc2a') in 0.011798 seconds
Number of updated asset objects reloaded before import = 0
Number of asset objects unloaded after import = 2
========================================================================
Received Import Request.
  Time since last request: 0.000034 seconds.
  path: Assets/ZRNAssets/005339_08932_25_14/Materials/S_G_000192_S.mat
  artifactKey: Guid(85abc953068db43f6854c445ae6cd3a4) Importer(815301076,1909f56bfc062723c751e8b465ee728b)
Start importing Assets/ZRNAssets/005339_08932_25_14/Materials/S_G_000192_S.mat using Guid(85abc953068db43f6854c445ae6cd3a4) Importer(815301076,1909f56bfc062723c751e8b465ee728b)  -> (artifact id: 'a2a032ec6ef9279d582f7f8b49ce1196') in 0.011286 seconds
Number of updated asset objects reloaded before import = 0
Number of asset objects unloaded after import = 2
========================================================================
Received Import Request.
  Time since last request: 0.000022 seconds.
  path: Assets/ZRNAssets/005339_08932_25_14/Materials/S_G_000168_S.mat
  artifactKey: Guid(21ece31e66c604b049425c4d233a4256) Importer(815301076,1909f56bfc062723c751e8b465ee728b)
Start importing Assets/ZRNAssets/005339_08932_25_14/Materials/S_G_000168_S.mat using Guid(21ece31e66c604b049425c4d233a4256) Importer(815301076,1909f56bfc062723c751e8b465ee728b)  -> (artifact id: '1caeb76cb6234a9c7e4e843517078ce9') in 0.011302 seconds
Number of updated asset objects reloaded before import = 0
Number of asset objects unloaded after import = 2
========================================================================
Received Import Request.
  Time since last request: 0.000019 seconds.
  path: Assets/ZRNAssets/005339_08932_25_14/Materials/S_G_000178_S.mat
  artifactKey: Guid(b618735865ffe4d48884b630c2600060) Importer(815301076,1909f56bfc062723c751e8b465ee728b)
Start importing Assets/ZRNAssets/005339_08932_25_14/Materials/S_G_000178_S.mat using Guid(b618735865ffe4d48884b630c2600060) Importer(815301076,1909f56bfc062723c751e8b465ee728b)  -> (artifact id: '01c2ecb944a075c69031eb2140e15b4b') in 0.010239 seconds
Number of updated asset objects reloaded before import = 0
Number of asset objects unloaded after import = 2
========================================================================
Received Import Request.
  Time since last request: 0.000017 seconds.
  path: Assets/ZRNAssets/005339_08932_25_14/Materials/S_G_000183_S.mat
  artifactKey: Guid(26edbbff7971d40d2b351a31cb9aac92) Importer(815301076,1909f56bfc062723c751e8b465ee728b)
Start importing Assets/ZRNAssets/005339_08932_25_14/Materials/S_G_000183_S.mat using Guid(26edbbff7971d40d2b351a31cb9aac92) Importer(815301076,1909f56bfc062723c751e8b465ee728b)  -> (artifact id: '78be9f0fd34dc2f07b6e3a0238b5bbe7') in 0.011837 seconds
Number of updated asset objects reloaded before import = 0
Number of asset objects unloaded after import = 2
========================================================================
Received Import Request.
  Time since last request: 0.000025 seconds.
  path: Assets/ZRNAssets/005339_08932_25_14/Materials/S_G_000172_F.mat
  artifactKey: Guid(c96ac14761c8346fe9ea0327ece88e74) Importer(815301076,1909f56bfc062723c751e8b465ee728b)
Start importing Assets/ZRNAssets/005339_08932_25_14/Materials/S_G_000172_F.mat using Guid(c96ac14761c8346fe9ea0327ece88e74) Importer(815301076,1909f56bfc062723c751e8b465ee728b)  -> (artifact id: '728e665e359aaacb4446191a959954c8') in 0.009325 seconds
Number of updated asset objects reloaded before import = 0
Number of asset objects unloaded after import = 2
========================================================================
Received Import Request.
  Time since last request: 0.000018 seconds.
  path: Assets/ZRNAssets/005339_08932_25_14/Materials/S_G_000184_S.mat
  artifactKey: Guid(39071c3314ecf470b8d26ed35dfebd3f) Importer(815301076,1909f56bfc062723c751e8b465ee728b)
Start importing Assets/ZRNAssets/005339_08932_25_14/Materials/S_G_000184_S.mat using Guid(39071c3314ecf470b8d26ed35dfebd3f) Importer(815301076,1909f56bfc062723c751e8b465ee728b)  -> (artifact id: 'ff2503113886ec3537501b8f983703a0') in 0.009316 seconds
Number of updated asset objects reloaded before import = 0
Number of asset objects unloaded after import = 2
========================================================================
Received Import Request.
  Time since last request: 0.000023 seconds.
  path: Assets/ZRNAssets/005339_08932_25_14/Materials/S_G_000183_F1.mat
  artifactKey: Guid(29918e8465faa4897ae523731b97b301) Importer(815301076,1909f56bfc062723c751e8b465ee728b)
Start importing Assets/ZRNAssets/005339_08932_25_14/Materials/S_G_000183_F1.mat using Guid(29918e8465faa4897ae523731b97b301) Importer(815301076,1909f56bfc062723c751e8b465ee728b)  -> (artifact id: '233cf052ba41cce15946c32f14f00114') in 0.010882 seconds
Number of updated asset objects reloaded before import = 0
Number of asset objects unloaded after import = 2
========================================================================
Received Import Request.
  Time since last request: 0.000024 seconds.
  path: Assets/ZRNAssets/005339_08932_25_14/Materials/S_G_000181_S1.mat
  artifactKey: Guid(00f9a5a3602d749848ab7ad9a8e5c39c) Importer(815301076,1909f56bfc062723c751e8b465ee728b)
Start importing Assets/ZRNAssets/005339_08932_25_14/Materials/S_G_000181_S1.mat using Guid(00f9a5a3602d749848ab7ad9a8e5c39c) Importer(815301076,1909f56bfc062723c751e8b465ee728b)  -> (artifact id: '81be012ede9f5f2d9b1af63e162cecd7') in 0.010262 seconds
Number of updated asset objects reloaded before import = 0
Number of asset objects unloaded after import = 2
========================================================================
Received Import Request.
  Time since last request: 0.000021 seconds.
  path: Assets/ZRNAssets/005339_08932_25_14/Materials/S_G_000186_S1.mat
  artifactKey: Guid(714d5dcdb60b04874807cd59c964ea06) Importer(815301076,1909f56bfc062723c751e8b465ee728b)
Start importing Assets/ZRNAssets/005339_08932_25_14/Materials/S_G_000186_S1.mat using Guid(714d5dcdb60b04874807cd59c964ea06) Importer(815301076,1909f56bfc062723c751e8b465ee728b)  -> (artifact id: '6263a0eeac4a5c9172a1bbe19bb761c1') in 0.010359 seconds
Number of updated asset objects reloaded before import = 0
Number of asset objects unloaded after import = 2
========================================================================
Received Import Request.
  Time since last request: 0.000026 seconds.
  path: Assets/ZRNAssets/005339_08932_25_14/Materials/S_G_000179_E1.mat
  artifactKey: Guid(ccaf4943ec39d4f309e005d6c1aaa527) Importer(815301076,1909f56bfc062723c751e8b465ee728b)
Start importing Assets/ZRNAssets/005339_08932_25_14/Materials/S_G_000179_E1.mat using Guid(ccaf4943ec39d4f309e005d6c1aaa527) Importer(815301076,1909f56bfc062723c751e8b465ee728b)  -> (artifact id: '085ccc5493dee0b043904215cdd3d0b3') in 0.009553 seconds
Number of updated asset objects reloaded before import = 0
Number of asset objects unloaded after import = 2
========================================================================
Received Import Request.
  Time since last request: 0.000023 seconds.
  path: Assets/ZRNAssets/005339_08932_25_14/Materials/S_G_000193_E1.mat
  artifactKey: Guid(cadb7f316e97d49ada1bc8e6bdfaf8c0) Importer(815301076,1909f56bfc062723c751e8b465ee728b)
Start importing Assets/ZRNAssets/005339_08932_25_14/Materials/S_G_000193_E1.mat using Guid(cadb7f316e97d49ada1bc8e6bdfaf8c0) Importer(815301076,1909f56bfc062723c751e8b465ee728b)  -> (artifact id: '8d2a09e2afa45e3809abc0a6efc7c2e2') in 0.011700 seconds
Number of updated asset objects reloaded before import = 0
Number of asset objects unloaded after import = 2
========================================================================
Received Import Request.
  Time since last request: 0.000025 seconds.
  path: Assets/ZRNAssets/005339_08932_25_14/Materials/S_G_000172_F1.mat
  artifactKey: Guid(a2f71e2e3ca9d4d369cfe45b14d7c62d) Importer(815301076,1909f56bfc062723c751e8b465ee728b)
Start importing Assets/ZRNAssets/005339_08932_25_14/Materials/S_G_000172_F1.mat using Guid(a2f71e2e3ca9d4d369cfe45b14d7c62d) Importer(815301076,1909f56bfc062723c751e8b465ee728b)  -> (artifact id: '840ae2d7307d5b7ee53e7f7659e7c94e') in 0.013199 seconds
Number of updated asset objects reloaded before import = 0
Number of asset objects unloaded after import = 2
========================================================================
Received Import Request.
  Time since last request: 0.000031 seconds.
  path: Assets/ZRNAssets/005339_08932_25_14/Materials/S_G_000180_S.mat
  artifactKey: Guid(23eecbd7c8dcf47bf8b5ef96a24dab18) Importer(815301076,1909f56bfc062723c751e8b465ee728b)
Start importing Assets/ZRNAssets/005339_08932_25_14/Materials/S_G_000180_S.mat using Guid(23eecbd7c8dcf47bf8b5ef96a24dab18) Importer(815301076,1909f56bfc062723c751e8b465ee728b)  -> (artifact id: '124019b3df7a66466fa938bdc571af2e') in 0.011109 seconds
Number of updated asset objects reloaded before import = 0
Number of asset objects unloaded after import = 2
========================================================================
Received Import Request.
  Time since last request: 0.000021 seconds.
  path: Assets/ZRNAssets/005339_08932_25_14/Materials/S_G_000187_S.mat
  artifactKey: Guid(6f5a9546b41844aad9c8bc7670c5a367) Importer(815301076,1909f56bfc062723c751e8b465ee728b)
Start importing Assets/ZRNAssets/005339_08932_25_14/Materials/S_G_000187_S.mat using Guid(6f5a9546b41844aad9c8bc7670c5a367) Importer(815301076,1909f56bfc062723c751e8b465ee728b)  -> (artifact id: '5d4d979243bd2f5a35777b0318014859') in 0.010594 seconds
Number of updated asset objects reloaded before import = 0
Number of asset objects unloaded after import = 2
========================================================================
Received Import Request.
  Time since last request: 0.000019 seconds.
  path: Assets/ZRNAssets/005339_08932_25_14/Materials/S_G_000192_S1.mat
  artifactKey: Guid(cd7bfb310bf804ccbad0e34d6b5ef4a7) Importer(815301076,1909f56bfc062723c751e8b465ee728b)
Start importing Assets/ZRNAssets/005339_08932_25_14/Materials/S_G_000192_S1.mat using Guid(cd7bfb310bf804ccbad0e34d6b5ef4a7) Importer(815301076,1909f56bfc062723c751e8b465ee728b)  -> (artifact id: '4dd9b5a17546cc3b18d5ba8e0274d713') in 0.010374 seconds
Number of updated asset objects reloaded before import = 0
Number of asset objects unloaded after import = 2
========================================================================
Received Import Request.
  Time since last request: 0.000019 seconds.
  path: Assets/ZRNAssets/005339_08932_25_14/Materials/S_G_000179_S.mat
  artifactKey: Guid(5b3f8a984037c47c19cc46247391100a) Importer(815301076,1909f56bfc062723c751e8b465ee728b)
Start importing Assets/ZRNAssets/005339_08932_25_14/Materials/S_G_000179_S.mat using Guid(5b3f8a984037c47c19cc46247391100a) Importer(815301076,1909f56bfc062723c751e8b465ee728b)  -> (artifact id: '742aef707cd6f525f1d68aa828ea319d') in 0.010475 seconds
Number of updated asset objects reloaded before import = 0
Number of asset objects unloaded after import = 2
========================================================================
Received Import Request.
  Time since last request: 0.000020 seconds.
  path: Assets/ZRNAssets/005339_08932_25_14/Materials/S_G_000193_C1.mat
  artifactKey: Guid(b140ced9751a849e5a2ff803b49fddd0) Importer(815301076,1909f56bfc062723c751e8b465ee728b)
Start importing Assets/ZRNAssets/005339_08932_25_14/Materials/S_G_000193_C1.mat using Guid(b140ced9751a849e5a2ff803b49fddd0) Importer(815301076,1909f56bfc062723c751e8b465ee728b)  -> (artifact id: '2774b6ae5f2810d87f74f501ea2ddca1') in 0.010896 seconds
Number of updated asset objects reloaded before import = 0
Number of asset objects unloaded after import = 2
========================================================================
Received Import Request.
  Time since last request: 0.000017 seconds.
  path: Assets/ZRNAssets/005339_08932_25_14/Materials/S_G_000178_S1.mat
  artifactKey: Guid(fab0fcc47e0dd4996b79576f92a93f62) Importer(815301076,1909f56bfc062723c751e8b465ee728b)
Start importing Assets/ZRNAssets/005339_08932_25_14/Materials/S_G_000178_S1.mat using Guid(fab0fcc47e0dd4996b79576f92a93f62) Importer(815301076,1909f56bfc062723c751e8b465ee728b)  -> (artifact id: '7c814d2b5737f651cd6486d3baf269af') in 0.009512 seconds
Number of updated asset objects reloaded before import = 0
Number of asset objects unloaded after import = 2
========================================================================
Received Import Request.
  Time since last request: 0.000021 seconds.
  path: Assets/ZRNAssets/005339_08932_25_14/Materials/S_G_000167_S1.mat
  artifactKey: Guid(6bf9c296fe1c34d08a48d0c53874d53c) Importer(815301076,1909f56bfc062723c751e8b465ee728b)
Start importing Assets/ZRNAssets/005339_08932_25_14/Materials/S_G_000167_S1.mat using Guid(6bf9c296fe1c34d08a48d0c53874d53c) Importer(815301076,1909f56bfc062723c751e8b465ee728b)  -> (artifact id: 'ded4844aea01e4da46dcb8c3f749619e') in 0.011287 seconds
Number of updated asset objects reloaded before import = 0
Number of asset objects unloaded after import = 2
========================================================================
Received Import Request.
  Time since last request: 0.000021 seconds.
  path: Assets/ZRNAssets/005339_08932_25_14/Materials/S_G_000172_E.mat
  artifactKey: Guid(e3549c30dab5f4d03b6bc64b8a8d465c) Importer(815301076,1909f56bfc062723c751e8b465ee728b)
Start importing Assets/ZRNAssets/005339_08932_25_14/Materials/S_G_000172_E.mat using Guid(e3549c30dab5f4d03b6bc64b8a8d465c) Importer(815301076,1909f56bfc062723c751e8b465ee728b)  -> (artifact id: '3c1de6565b78199646c4b8f7f0c61091') in 0.010419 seconds
Number of updated asset objects reloaded before import = 0
Number of asset objects unloaded after import = 2
========================================================================
Received Import Request.
  Time since last request: 0.000026 seconds.
  path: Assets/ZRNAssets/005339_08932_25_14/Materials/S_G_000177_E1.mat
  artifactKey: Guid(ef8e93f83b8124e47a48fc731d00c9dc) Importer(815301076,1909f56bfc062723c751e8b465ee728b)
Start importing Assets/ZRNAssets/005339_08932_25_14/Materials/S_G_000177_E1.mat using Guid(ef8e93f83b8124e47a48fc731d00c9dc) Importer(815301076,1909f56bfc062723c751e8b465ee728b)  -> (artifact id: '48f8bad07d8fc67b06c472faf6036f67') in 0.010318 seconds
Number of updated asset objects reloaded before import = 0
Number of asset objects unloaded after import = 2
========================================================================
Received Import Request.
  Time since last request: 0.000028 seconds.
  path: Assets/ZRNAssets/005339_08932_25_14/Materials/S_G_000177_E.mat
  artifactKey: Guid(dc86329d5be884bd088f69727aa79b72) Importer(815301076,1909f56bfc062723c751e8b465ee728b)
Start importing Assets/ZRNAssets/005339_08932_25_14/Materials/S_G_000177_E.mat using Guid(dc86329d5be884bd088f69727aa79b72) Importer(815301076,1909f56bfc062723c751e8b465ee728b)  -> (artifact id: 'c6116a4935725812ce15bc5a88ec6685') in 0.010634 seconds
Number of updated asset objects reloaded before import = 0
Number of asset objects unloaded after import = 2
========================================================================
Received Import Request.
  Time since last request: 0.000018 seconds.
  path: Assets/ZRNAssets/005339_08932_25_14/Materials/S_G_000192_F.mat
  artifactKey: Guid(2297ff57ed32840868559b871e9c7471) Importer(815301076,1909f56bfc062723c751e8b465ee728b)
Start importing Assets/ZRNAssets/005339_08932_25_14/Materials/S_G_000192_F.mat using Guid(2297ff57ed32840868559b871e9c7471) Importer(815301076,1909f56bfc062723c751e8b465ee728b)  -> (artifact id: 'dc270337642b8fc642f36205e2bf49d4') in 0.010272 seconds
Number of updated asset objects reloaded before import = 0
Number of asset objects unloaded after import = 2
Editor requested this worker to shutdown with reason: Scaling down because of idle timeout
TcpMessagingSession - receive error: operation aborted. errorcode: 995, details:  /   -       .
AssetImportWorker is now disconnected from the server
Process exiting
Exiting without the bug reporter. Application will terminate with return code 0